This is pdfTeX, Version 3.1415926-2.6-1.40.14 (TeX Live 2014/dev) (format=pdflatex 2014.5.27)  25 JUN 2014 14:58
entering extended mode
 \write18 enabled.
 %&-line parsing enabled.
**Bellotti-Masters-thesis.tex
(./Bellotti-Masters-thesis.tex
LaTeX2e <2011/06/27>
Babel <3.9h> and hyphenation patterns for 2 languages loaded.
(/usr/share/texlive/texmf-dist/tex/latex/gatech-thesis/gatech-thesis.cls
Document Class: gatech-thesis 2010/07/02 1.8 (Mitchel T. Keller)
(/usr/share/texlive/texmf-dist/tex/latex/tools/calc.sty
Package: calc 2007/08/22 v4.3 Infix arithmetic (KKT,FJ)
\calc@Acount=\count79
\calc@Bcount=\count80
\calc@Adimen=\dimen102
\calc@Bdimen=\dimen103
\calc@Askip=\skip41
\calc@Bskip=\skip42
LaTeX Info: Redefining \setlength on input line 76.
LaTeX Info: Redefining \addtolength on input line 77.
\calc@Ccount=\count81
\calc@Cskip=\skip43
)
(/usr/share/texlive/texmf-dist/tex/latex/base/report.cls
Document Class: report 2007/10/19 v1.4h Standard LaTeX document class
(/usr/share/texlive/texmf-dist/tex/latex/base/size12.clo
File: size12.clo 2007/10/19 v1.4h Standard LaTeX file (size option)
)
\c@part=\count82
\c@chapter=\count83
\c@section=\count84
\c@subsection=\count85
\c@subsubsection=\count86
\c@paragraph=\count87
\c@subparagraph=\count88
\c@figure=\count89
\c@table=\count90
\abovecaptionskip=\skip44
\belowcaptionskip=\skip45
\bibindent=\dimen104
)
\signature@width=\skip46
\c@signatures=\count91
\c@cnt@Lsig=\count92
\c@cnt@Rsig=\count93
\gt@tocentryskip@value=\skip47
\gt@beforepartskip@value=\skip48
\gt@beforechapskip@value=\skip49
\gt@beforesecskip@value=\skip50
\gt@beforesubsecskip@value=\skip51
\gt@beforesubsubsecskip@value=\skip52
\gt@beforeparaskip@value=\skip53
\gt@beforesubparaskip@value=\skip54
\gt@beforefigskip@value=\skip55
\gt@beforetableskip@value=\skip56
\gt@tmpa=\skip57
\c@part@savepagenum=\count94
\c@part@pagenum=\count95

(/usr/share/texlive/texmf-dist/tex/latex/gatech-thesis/gatech-thesis-patch.sty
File: gatech-thesis-patch.sty 2010/07/02 1.8 (Mitchel T. Keller)

gatech-thesis-patch loaded
)) (/usr/share/texlive/texmf-dist/tex/latex/amsmath/amsmath.sty
Package: amsmath 2013/01/14 v2.14 AMS math features
\@mathmargin=\skip58

For additional information on amsmath, use the `?' option.
(/usr/share/texlive/texmf-dist/tex/latex/amsmath/amstext.sty
Package: amstext 2000/06/29 v2.01

(/usr/share/texlive/texmf-dist/tex/latex/amsmath/amsgen.sty
File: amsgen.sty 1999/11/30 v2.0
\@emptytoks=\toks14
\ex@=\dimen105
))
(/usr/share/texlive/texmf-dist/tex/latex/amsmath/amsbsy.sty
Package: amsbsy 1999/11/29 v1.2d
\pmbraise@=\dimen106
)
(/usr/share/texlive/texmf-dist/tex/latex/amsmath/amsopn.sty
Package: amsopn 1999/12/14 v2.01 operator names
)
\inf@bad=\count96
LaTeX Info: Redefining \frac on input line 210.
\uproot@=\count97
\leftroot@=\count98
LaTeX Info: Redefining \overline on input line 306.
\classnum@=\count99
\DOTSCASE@=\count100
LaTeX Info: Redefining \ldots on input line 378.
LaTeX Info: Redefining \dots on input line 381.
LaTeX Info: Redefining \cdots on input line 466.
\Mathstrutbox@=\box26
\strutbox@=\box27
\big@size=\dimen107
LaTeX Font Info:    Redeclaring font encoding OML on input line 566.
LaTeX Font Info:    Redeclaring font encoding OMS on input line 567.
\macc@depth=\count101
\c@MaxMatrixCols=\count102
\dotsspace@=\muskip10
\c@parentequation=\count103
\dspbrk@lvl=\count104
\tag@help=\toks15
\row@=\count105
\column@=\count106
\maxfields@=\count107
\andhelp@=\toks16
\eqnshift@=\dimen108
\alignsep@=\dimen109
\tagshift@=\dimen110
\tagwidth@=\dimen111
\totwidth@=\dimen112
\lineht@=\dimen113
\@envbody=\toks17
\multlinegap=\skip59
\multlinetaggap=\skip60
\mathdisplay@stack=\toks18
LaTeX Info: Redefining \[ on input line 2665.
LaTeX Info: Redefining \] on input line 2666.
)
(/usr/share/texlive/texmf-dist/tex/latex/amsfonts/amssymb.sty
Package: amssymb 2013/01/14 v3.01 AMS font symbols

(/usr/share/texlive/texmf-dist/tex/latex/amsfonts/amsfonts.sty
Package: amsfonts 2013/01/14 v3.01 Basic AMSFonts support
\symAMSa=\mathgroup4
\symAMSb=\mathgroup5
LaTeX Font Info:    Overwriting math alphabet `\mathfrak' in version `bold'
(Font)                  U/euf/m/n --> U/euf/b/n on input line 106.
))
(/usr/share/texlive/texmf-dist/tex/latex/base/latexsym.sty
Package: latexsym 1998/08/17 v2.2e Standard LaTeX package (lasy symbols)
\symlasy=\mathgroup6
LaTeX Font Info:    Overwriting symbol font `lasy' in version `bold'
(Font)                  U/lasy/m/n --> U/lasy/b/n on input line 47.
)
(/usr/share/texlive/texmf-dist/tex/latex/float/float.sty
Package: float 2001/11/08 v1.3d Float enhancements (AL)
\c@float@type=\count108
\float@exts=\toks19
\float@box=\box28
\@float@everytoks=\toks20
\@floatcapt=\box29
)
(/usr/share/texlive/texmf-dist/tex/latex/graphics/epsfig.sty
Package: epsfig 1999/02/16 v1.7a (e)psfig emulation (SPQR)

(/usr/share/texlive/texmf-dist/tex/latex/graphics/graphicx.sty
Package: graphicx 1999/02/16 v1.0f Enhanced LaTeX Graphics (DPC,SPQR)

(/usr/share/texlive/texmf-dist/tex/latex/graphics/keyval.sty
Package: keyval 1999/03/16 v1.13 key=value parser (DPC)
\KV@toks@=\toks21
)
(/usr/share/texlive/texmf-dist/tex/latex/graphics/graphics.sty
Package: graphics 2009/02/05 v1.0o Standard LaTeX Graphics (DPC,SPQR)

(/usr/share/texlive/texmf-dist/tex/latex/graphics/trig.sty
Package: trig 1999/03/16 v1.09 sin cos tan (DPC)
)
(/usr/share/texlive/texmf-dist/tex/latex/latexconfig/graphics.cfg
File: graphics.cfg 2010/04/23 v1.9 graphics configuration of TeX Live
)
Package graphics Info: Driver file: pdftex.def on input line 91.

(/usr/share/texlive/texmf-dist/tex/latex/pdftex-def/pdftex.def
File: pdftex.def 2011/05/27 v0.06d Graphics/color for pdfTeX

(/usr/share/texlive/texmf-dist/tex/generic/oberdiek/infwarerr.sty
Package: infwarerr 2010/04/08 v1.3 Providing info/warning/error messages (HO)
)
(/usr/share/texlive/texmf-dist/tex/generic/oberdiek/ltxcmds.sty
Package: ltxcmds 2011/11/09 v1.22 LaTeX kernel commands for general use (HO)
)
\Gread@gobject=\count109
))
\Gin@req@height=\dimen114
\Gin@req@width=\dimen115
)
\epsfxsize=\dimen116
\epsfysize=\dimen117
)
(/usr/share/texlive/texmf-dist/tex/latex/subfigure/subfigure.sty
Package: subfigure 2002/03/15 v2.1.5 subfigure package
\subfigtopskip=\skip61
\subfigcapskip=\skip62
\subfigcaptopadj=\dimen118
\subfigbottomskip=\skip63
\subfigcapmargin=\dimen119
\subfiglabelskip=\skip64
\c@subfigure=\count110
\c@lofdepth=\count111
\c@subtable=\count112
\c@lotdepth=\count113

****************************************
* Local config file subfigure.cfg used *
****************************************
(/usr/share/texlive/texmf-dist/tex/latex/subfigure/subfigure.cfg)
\subfig@top=\skip65
\subfig@bottom=\skip66
)
(./Bellotti-Masters-thesis.aux (./intro/intro.aux) (./theory/theory.aux)
(./labwork/labwork.aux) (./model/model.aux) (./rtm/rtm.aux)
(./summary/summary.aux))
\openout1 = `Bellotti-Masters-thesis.aux'.

LaTeX Font Info:    Checking defaults for OML/cmm/m/it on input line 73.
LaTeX Font Info:    ... okay on input line 73.
LaTeX Font Info:    Checking defaults for T1/cmr/m/n on input line 73.
LaTeX Font Info:    ... okay on input line 73.
LaTeX Font Info:    Checking defaults for OT1/cmr/m/n on input line 73.
LaTeX Font Info:    ... okay on input line 73.
LaTeX Font Info:    Checking defaults for OMS/cmsy/m/n on input line 73.
LaTeX Font Info:    ... okay on input line 73.
LaTeX Font Info:    Checking defaults for OMX/cmex/m/n on input line 73.
LaTeX Font Info:    ... okay on input line 73.
LaTeX Font Info:    Checking defaults for U/cmr/m/n on input line 73.
LaTeX Font Info:    ... okay on input line 73.

(/usr/share/texlive/texmf-dist/tex/context/base/supp-pdf.mkii
[Loading MPS to PDF converter (version 2006.09.02).]
\scratchcounter=\count114
\scratchdimen=\dimen120
\scratchbox=\box30
\nofMPsegments=\count115
\nofMParguments=\count116
\everyMPshowfont=\toks22
\MPscratchCnt=\count117
\MPscratchDim=\dimen121
\MPnumerator=\count118
\makeMPintoPDFobject=\count119
\everyMPtoPDFconversion=\toks23
) (/usr/share/texlive/texmf-dist/tex/generic/oberdiek/pdftexcmds.sty
Package: pdftexcmds 2011/11/29 v0.20 Utility functions of pdfTeX for LuaTeX (HO
)

(/usr/share/texlive/texmf-dist/tex/generic/oberdiek/ifluatex.sty
Package: ifluatex 2010/03/01 v1.3 Provides the ifluatex switch (HO)
Package ifluatex Info: LuaTeX not detected.
)
(/usr/share/texlive/texmf-dist/tex/generic/oberdiek/ifpdf.sty
Package: ifpdf 2011/01/30 v2.3 Provides the ifpdf switch (HO)
Package ifpdf Info: pdfTeX in PDF mode is detected.
)
Package pdftexcmds Info: LuaTeX not detected.
Package pdftexcmds Info: \pdf@primitive is available.
Package pdftexcmds Info: \pdf@ifprimitive is available.
Package pdftexcmds Info: \pdfdraftmode found.
)
(/usr/share/texlive/texmf-dist/tex/latex/oberdiek/epstopdf-base.sty
Package: epstopdf-base 2010/02/09 v2.5 Base part for package epstopdf

(/usr/share/texlive/texmf-dist/tex/latex/oberdiek/grfext.sty
Package: grfext 2010/08/19 v1.1 Manage graphics extensions (HO)

(/usr/share/texlive/texmf-dist/tex/generic/oberdiek/kvdefinekeys.sty
Package: kvdefinekeys 2011/04/07 v1.3 Define keys (HO)
))
(/usr/share/texlive/texmf-dist/tex/latex/oberdiek/kvoptions.sty
Package: kvoptions 2011/06/30 v3.11 Key value format for package options (HO)

(/usr/share/texlive/texmf-dist/tex/generic/oberdiek/kvsetkeys.sty
Package: kvsetkeys 2012/04/25 v1.16 Key value parser (HO)

(/usr/share/texlive/texmf-dist/tex/generic/oberdiek/etexcmds.sty
Package: etexcmds 2011/02/16 v1.5 Avoid name clashes with e-TeX commands (HO)
Package etexcmds Info: Could not find \expanded.
(etexcmds)             That can mean that you are not using pdfTeX 1.50 or
(etexcmds)             that some package has redefined \expanded.
(etexcmds)             In the latter case, load this package earlier.
)))
Package grfext Info: Graphics extension search list:
(grfext)             [.png,.pdf,.jpg,.mps,.jpeg,.jbig2,.jb2,.PNG,.PDF,.JPG,.JPE
G,.JBIG2,.JB2,.eps]
(grfext)             \AppendGraphicsExtensions on input line 452.

(/usr/share/texlive/texmf-dist/tex/latex/latexconfig/epstopdf-sys.cfg
File: epstopdf-sys.cfg 2010/07/13 v1.3 Configuration of (r)epstopdf for TeX Liv
e
))
Underfull \hbox (badness 10000) has occurred while \output is active
 
 []


Underfull \hbox (badness 10000) has occurred while \output is active
 
 []

[1

{/usr/share/texlive/texmf-dist/fonts/map/pdftex/updmap/pdftex.map}]
SIGNATURES: 1
LaTeX Font Info:    Try loading font information for U+msa on input line 76.
(/usr/share/texlive/texmf-dist/tex/latex/amsfonts/umsa.fd
File: umsa.fd 2013/01/14 v3.01 AMS symbols A
)
LaTeX Font Info:    Try loading font information for U+msb on input line 76.

(/usr/share/texlive/texmf-dist/tex/latex/amsfonts/umsb.fd
File: umsb.fd 2013/01/14 v3.01 AMS symbols B
)
LaTeX Font Info:    Try loading font information for U+lasy on input line 76.

(/usr/share/texlive/texmf-dist/tex/latex/base/ulasy.fd
File: ulasy.fd 1998/08/17 v2.2e LaTeX symbol font definitions
)
***************** Dedication ******************

Underfull \hbox (badness 10000) has occurred while \output is active
 
 []


Underfull \hbox (badness 10000) has occurred while \output is active
 
 []

[2

]
***************** Preface ******************
[3


]
***************** Acknowledgements ******************
[4


] [5


] (./Bellotti-Masters-thesis.toc
Overfull \hbox (21.04155pt too wide) in paragraph at lines 38--38
 [] []\OT1/cmr/bx/n/12 RADIATIVE TRANS-FER MODEL OF THE VENUS AT-MO-SPHERE []  

 []

[6


])
\tf@toc=\write3
\openout3 = `Bellotti-Masters-thesis.toc'.

 [7] (./Bellotti-Masters-thesis.lot)
\tf@lot=\write4
\openout4 = `Bellotti-Masters-thesis.lot'.

 [8


] (./Bellotti-Masters-thesis.lof)
\tf@lof=\write5
\openout5 = `Bellotti-Masters-thesis.lof'.


[9


]
***************** Summary ******************
[10


]
\openout2 = `./intro/intro.aux'.

 (./intro/intro.tex
CHAPTER I.

Overfull \hbox (2.10046pt too wide) in paragraph at lines 6--7
[]\OT1/cmr/m/n/12 Two sulfur-bearing com-pounds dom-i-nate the millimeter-wave 
emis-sion from Venus:
 []

) [1


] [2]
\openout2 = `./theory/theory.aux'.

 (./theory/theory.tex
CHAPTER II.
) [3



]
\openout2 = `./labwork/labwork.aux'.

 (./labwork/labwork.tex
CHAPTER III.
[4



] [5] [6] <./images/w-bandsystem.png, id=64, 1104.125pt x 867.24pt>
File: ./images/w-bandsystem.png Graphic file (type png)

<use ./images/w-bandsystem.png>
Package pdftex.def Info: ./images/w-bandsystem.png used on input line 71.
(pdftex.def)             Requested size: 303.53267pt x 238.40573pt.
 [7 <./images/w-bandsystem.png (PNG copy)>]
<./images/f-bandsystem.png, id=69, 1220.56pt x 981.6675pt>
File: ./images/f-bandsystem.png Graphic file (type png)

<use ./images/f-bandsystem.png>
Package pdftex.def Info: ./images/f-bandsystem.png used on input line 91.
(pdftex.def)             Requested size: 303.53267pt x 244.12807pt.
 [8 <./images/f-bandsystem.png (PNG copy)>])
[9]
\openout2 = `./model/model.aux'.

 (./model/model.tex
CHAPTER IV.
(./model/uncertainties.tex [10



] [11] [12] [13] [14] [15])) [16]
\openout2 = `./rtm/rtm.aux'.

 (./rtm/rtm.tex
CHAPTER V.
[17



]

LaTeX Warning: Citation `Liou-2002' on page 18 undefined on input line 13.

[18] [19] (./rtm/rtm-parameters.tex

LaTeX Warning: Citation `Seiff-1980' on page 20 undefined on input line 4.

[20]
Package epstopdf Info: Source file: <./rtm/Plots/alt-temp.eps>
(epstopdf)                    date: 2014-06-23 13:34:42
(epstopdf)                    size: 12183 bytes
(epstopdf)             Output file: <./rtm/Plots/alt-temp-eps-converted-to.pdf>

(epstopdf)                    date: 2014-06-23 13:45:52
(epstopdf)                    size: 9415 bytes
(epstopdf)             Command: <epstopdf --outfile=./rtm/Plots/alt-temp-eps-co
nverted-to.pdf ./rtm/Plots/alt-temp.eps>
(epstopdf)             \includegraphics on input line 10.
Package epstopdf Info: Output file is already uptodate.
 <./rtm/Plots/alt-temp-eps-converted-to.pdf, id=114, 497.86pt x 393.47pt>
File: ./rtm/Plots/alt-temp-eps-converted-to.pdf Graphic file (type pdf)

<use ./rtm/Plots/alt-temp-eps-converted-to.pdf>
Package pdftex.def Info: ./rtm/Plots/alt-temp-eps-converted-to.pdf used on inpu
t line 10.
(pdftex.def)             Requested size: 303.53267pt x 239.89026pt.
Package epstopdf Info: Source file: <./rtm/Plots/alt-pres.eps>
(epstopdf)                    date: 2014-06-23 13:34:43
(epstopdf)                    size: 11116 bytes
(epstopdf)             Output file: <./rtm/Plots/alt-pres-eps-converted-to.pdf>

(epstopdf)                    date: 2014-06-23 13:49:08
(epstopdf)                    size: 8465 bytes
(epstopdf)             Command: <epstopdf --outfile=./rtm/Plots/alt-pres-eps-co
nverted-to.pdf ./rtm/Plots/alt-pres.eps>
(epstopdf)             \includegraphics on input line 16.
Package epstopdf Info: Output file is already uptodate.

<./rtm/Plots/alt-pres-eps-converted-to.pdf, id=115, 497.86pt x 393.47pt>
File: ./rtm/Plots/alt-pres-eps-converted-to.pdf Graphic file (type pdf)

<use ./rtm/Plots/alt-pres-eps-converted-to.pdf>
Package pdftex.def Info: ./rtm/Plots/alt-pres-eps-converted-to.pdf used on inpu
t line 16.
(pdftex.def)             Requested size: 303.53267pt x 239.89026pt.


LaTeX Warning: Citation `Barret-1961' on page 21 undefined on input line 25.


LaTeX Warning: Citation `Ho-1996' on page 21 undefined on input line 25.

[21] [22 <./rtm/Plots/alt-temp-eps-converted-to.pdf> <./rtm/Plots/alt-pres-eps-
converted-to.pdf>] [23] [24]

LaTeX Warning: Citation `Giauque-1960' on page 25 undefined on input line 79.


LaTeX Warning: Citation `Na-1994' on page 25 undefined on input line 81.

) (./rtm/raytracing.tex

LaTeX Warning: Citation `Hoffman-thesis' on page 25 undefined on input line 2.

[25] [26] [27] [28]) (./rtm/vector-rtm.tex [29] [30]) [31]
(./rtm/beam-forming.tex)) [32]
\openout2 = `./summary/summary.aux'.

 (./summary/summary.tex
CHAPTER VI.
) [33



]
***************** References ******************
(./Bellotti-Masters-thesis.bbl
LaTeX Font Info:    Try loading font information for OMS+cmr on input line 11.

(/usr/share/texlive/texmf-dist/tex/latex/base/omscmr.fd
File: omscmr.fd 1999/05/25 v2.5h Standard LaTeX font definitions
)
LaTeX Font Info:    Font shape `OMS/cmr/m/n' in size <12> not available
(Font)              Font shape `OMS/cmsy/m/n' tried instead on input line 11.
) [34




]
***************** Vita ******************
[35


]
***************** Abstract ******************
[36


]
Underfull \hbox (badness 10000) has occurred while \output is active
 
 []


Underfull \hbox (badness 10000) has occurred while \output is active
 
 []

[36

] (./Bellotti-Masters-thesis.aux (./intro/intro.aux) (./theory/theory.aux)
(./labwork/labwork.aux) (./model/model.aux) (./rtm/rtm.aux)
(./summary/summary.aux))

LaTeX Warning: There were undefined references.

 ) 
Here is how much of TeX's memory you used:
 3267 strings out of 495034
 44637 string characters out of 6181677
 104965 words of memory out of 5000000
 6329 multiletter control sequences out of 15000+600000
 14710 words of font info for 59 fonts, out of 8000000 for 9000
 14 hyphenation exceptions out of 8191
 38i,20n,26p,1447b,320s stack positions out of 5000i,500n,10000p,200000b,80000s
</usr/share/texlive/texmf-dist/fonts/type1/public/amsfonts/cm/cmbx12.pfb></us
r/share/texlive/texmf-dist/fonts/type1/public/amsfonts/cm/cmbxti10.pfb></usr/sh
are/texlive/texmf-dist/fonts/type1/public/amsfonts/cm/cmcsc10.pfb></usr/share/t
exlive/texmf-dist/fonts/type1/public/amsfonts/cm/cmex10.pfb></usr/share/texlive
/texmf-dist/fonts/type1/public/amsfonts/cmextra/cmex8.pfb></usr/share/texlive/t
exmf-dist/fonts/type1/public/amsfonts/cm/cmmi12.pfb></usr/share/texlive/texmf-d
ist/fonts/type1/public/amsfonts/cm/cmmi6.pfb></usr/share/texlive/texmf-dist/fon
ts/type1/public/amsfonts/cm/cmmi8.pfb></usr/share/texlive/texmf-dist/fonts/type
1/public/amsfonts/cm/cmr10.pfb></usr/share/texlive/texmf-dist/fonts/type1/publi
c/amsfonts/cm/cmr12.pfb></usr/share/texlive/texmf-dist/fonts/type1/public/amsfo
nts/cm/cmr6.pfb></usr/share/texlive/texmf-dist/fonts/type1/public/amsfonts/cm/c
mr8.pfb></usr/share/texlive/texmf-dist/fonts/type1/public/amsfonts/cm/cmssbx10.
pfb></usr/share/texlive/texmf-dist/fonts/type1/public/amsfonts/cm/cmsy10.pfb></
usr/share/texlive/texmf-dist/fonts/type1/public/amsfonts/cm/cmsy6.pfb></usr/sha
re/texlive/texmf-dist/fonts/type1/public/amsfonts/cm/cmsy8.pfb></usr/share/texl
ive/texmf-dist/fonts/type1/public/amsfonts/cm/cmti12.pfb>
Output written on Bellotti-Masters-thesis.pdf (47 pages, 428371 bytes).
PDF statistics:
 239 PDF objects out of 1000 (max. 8388607)
 165 compressed objects within 2 object streams
 0 named destinations out of 1000 (max. 500000)
 21 words of extra memory for PDF output out of 10000 (max. 10000000)

