\BOOKMARK [1][-]{section.1}{Introduction}{}% 1
\BOOKMARK [1][-]{section.2}{Laboratory Measurements of Sulfur Dioxide}{}% 2
\BOOKMARK [2][-]{subsection.2.1}{Measurement Theory}{section.2}% 3
\BOOKMARK [2][-]{subsection.2.2}{Millimeter-Wavelength Measurement System}{section.2}% 4
\BOOKMARK [3][-]{subsubsection.2.2.1}{W-band Subsystem}{subsection.2.2}% 5
\BOOKMARK [3][-]{subsubsection.2.2.2}{F-band Subsystem}{subsection.2.2}% 6
\BOOKMARK [2][-]{subsection.2.3}{Data Handling Subsystem}{section.2}% 7
\BOOKMARK [2][-]{subsection.2.4}{Measurement Procedure}{section.2}% 8
\BOOKMARK [2][-]{subsection.2.5}{Measurement Uncertainties}{section.2}% 9
\BOOKMARK [3][-]{subsubsection.2.5.1}{Absorptivity}{subsection.2.5}% 10
\BOOKMARK [1][-]{section.3}{Preliminary Results}{}% 11
\BOOKMARK [2][-]{subsection.3.1}{Millimeter-Wavelength Results}{section.3}% 12
\BOOKMARK [3][-]{subsubsection.3.1.1}{Absorption Model}{subsection.3.1}% 13
\BOOKMARK [1][-]{section.4}{Proposed Research}{}% 14
\BOOKMARK [2][-]{subsection.4.1}{Significance of this Work}{section.4}% 15
\BOOKMARK [2][-]{subsection.4.2}{Planned Work}{section.4}% 16
\BOOKMARK [3][-]{subsubsection.4.2.1}{Laboratory Measurements}{subsection.4.2}% 17
\BOOKMARK [3][-]{subsubsection.4.2.2}{Model Development}{subsection.4.2}% 18
\BOOKMARK [2][-]{subsection.4.3}{Facilities Required}{section.4}% 19
\BOOKMARK [2][-]{subsection.4.4}{Milestone}{section.4}% 20
\BOOKMARK [1][-]{section*.9}{References}{}% 21
